<?xml version="1.0" encoding="UTF-8"?>
<!-- Generated by org.testng.reporters.JUnitReportReporter -->
<testsuite hostname="DESKTOP-A2D9GT1" failures="0" tests="4" name="TestNGFramework.PartialPriority" time="0.029" errors="0" timestamp="2025-03-20T20:48:26 PKT" skipped="0">
  <testcase classname="TestNGFramework.PartialPriority" name="d" time="0.006"/>
  <testcase classname="TestNGFramework.PartialPriority" name="c" time="0.012"/>
  <testcase classname="TestNGFramework.PartialPriority" name="a" time="0.004"/>
  <testcase classname="TestNGFramework.PartialPriority" name="b" time="0.007"/>
</testsuite> <!-- TestNGFramework.PartialPriority -->
