<?xml version="1.0" encoding="UTF-8"?>
<!-- Generated by org.testng.reporters.JUnitReportReporter -->
<testsuite hostname="DESKTOP-A2D9GT1" failures="0" tests="2" name="TestNGFramework.OrangeHRMTestcases" time="58.700" errors="0" timestamp="2025-03-20T21:54:26 PKT" skipped="0">
  <testcase classname="TestNGFramework.OrangeHRMTestcases" name="login" time="56.980"/>
  <testcase classname="TestNGFramework.OrangeHRMTestcases" name="searchleave" time="1.720"/>
</testsuite> <!-- TestNGFramework.OrangeHRMTestcases -->
