<?xml version="1.0" encoding="UTF-8"?>
<!-- Generated by org.testng.reporters.JUnitReportReporter -->
<testsuite hostname="DESKTOP-A2D9GT1" failures="0" tests="3" name="TestNGFramework.TestCasePriority" time="0.020" errors="0" timestamp="2025-03-20T17:15:17 PKT" skipped="0">
  <testcase classname="TestNGFramework.TestCasePriority" name="a" time="0.012"/>
  <testcase classname="TestNGFramework.TestCasePriority" name="b" time="0.002"/>
  <testcase classname="TestNGFramework.TestCasePriority" name="c" time="0.006"/>
</testsuite> <!-- TestNGFramework.TestCasePriority -->
