<?xml version="1.0" encoding="UTF-8"?>
<!-- Generated by org.testng.reporters.JUnitReportReporter -->
<testsuite hostname="DESKTOP-A2D9GT1" failures="0" tests="3" name="TestNGFramework.ExcludeTestCase" time="0.010" errors="0" timestamp="2025-03-20T21:00:48 PKT" skipped="2">
  <testcase classname="TestNGFramework.ExcludeTestCase" name="a" time="0.010"/>
  <testcase classname="TestNGFramework.ExcludeTestCase" name="b">
    <skipped/>
  </testcase> <!-- b -->
  <testcase classname="TestNGFramework.ExcludeTestCase" name="c">
    <skipped/>
  </testcase> <!-- c -->
</testsuite> <!-- TestNGFramework.ExcludeTestCase -->
