<?xml version="1.0" encoding="UTF-8"?>
<!-- Generated by org.testng.reporters.JUnitReportReporter -->
<testsuite hostname="DESKTOP-A2D9GT1" failures="0" tests="3" name="TestNGFramework.NegativePriority" time="0.036" errors="0" timestamp="2025-03-20T17:18:02 PKT" skipped="0">
  <testcase classname="TestNGFramework.NegativePriority" name="c" time="0.025"/>
  <testcase classname="TestNGFramework.NegativePriority" name="b" time="0.005"/>
  <testcase classname="TestNGFramework.NegativePriority" name="a" time="0.006"/>
</testsuite> <!-- TestNGFramework.NegativePriority -->
