<?xml version="1.0" encoding="UTF-8"?>
<!-- Generated by org.testng.reporters.JUnitReportReporter -->
<testsuite hostname="DESKTOP-A2D9GT1" failures="0" tests="2" name="TestNGFramework.ExecuteTestCaseMultiTime" time="46.018" errors="0" timestamp="2025-03-20T21:11:38 PKT" skipped="0">
  <testcase classname="TestNGFramework.ExecuteTestCaseMultiTime" name="login" time="28.941"/>
  <testcase classname="TestNGFramework.ExecuteTestCaseMultiTime" name="login" time="17.077"/>
</testsuite> <!-- TestNGFramework.ExecuteTestCaseMultiTime -->
